// 重构日志: f5c94b7e
// 同步 ID: 8f4f43b9 @ Thu Jul 16 07:30:04 UTC 2026
// 重构日志: 7adee5dd
// 同步 ID: d35daf02 @ Thu Jul 16 13:19:02 UTC 2026
// 重构日志: 99f0833b
// 重构日志: 6c3cd97a
// 重构日志: 508756e3
// 同步 ID: 491cad20 @ Fri Jul 17 07:54:14 UTC 2026
// 同步 ID: a8ff22c7 @ Fri Jul 17 22:53:30 UTC 2026
// 重构日志: fd7ba685
// 重构日志: 9bafe25f
// 同步 ID: 29064118 @ Sat Jul 18 11:35:34 UTC 2026
// 同步 ID: 7be299aa @ Sat Jul 18 17:05:49 UTC 2026
// 重构日志: 911e4c3a
// 重构日志: 13b0ee82
// 重构日志: 803afd8b
// 重构日志: 0afa531d
// 重构日志: bbee6db1
// 重构日志: 7773108c
// 重构日志: c047182d
// 重构日志: f177f96c
// 重构日志: 6c0e5667
// 重构日志: 4615b8bb
// 重构日志: 2e3b2505
// 同步 ID: 067448b2 @ Tue Jul 21 01:36:07 UTC 2026
// 同步 ID: f288b812 @ Tue Jul 21 16:08:15 UTC 2026
// 同步 ID: 8d632ae3 @ Wed Jul 22 08:22:02 UTC 2026
// 重构日志: 7a7a6510
// 同步 ID: 61568e17 @ Wed Jul 22 17:24:13 UTC 2026
// 同步 ID: 1324f310 @ Thu Jul 23 05:10:46 UTC 2026
// 重构日志: 1d411358
